10946 830
10612 861
10612 811
10529 213
10529 0
10612 333
10009 942
10385 862
10946 955
10946 0
10928 134
10928 184
10005 223
10952 848
10952 0
10836 763
10875 742
10928 147
10342 765
10005 0
10009 135
10984 847
10817 858
10984 355
10009 0
10634 322
10984 647
10996 949
10328 770
10996 0
10308 952
10891 379
10308 425
10617 325
10308 0
10328 836
10689 640
10968 822
10328 396
10984 0
10541 862
10968 654
10932 732
10527 986
10328 0
10146 589
10353 569
10146 672
10148 831
10146 0
10148 164
10061 700
10658 714
10968 360
10061 0
10694 252
10148 916
10740 156
10730 126
10968 0
10222 883
10183 626
10932 206
10507 530
10148 0
10183 894
10189 791
10354 405
10932 833
10932 0
10073 525
10073 680
10986 795
10480 319
10986 0
10592 746
10445 671
10073 615
10631 193
10073 0
10183 908
10709 269
10625 868
10183 587
10183 0
10420 798
10189 925
10392 293
10890 891
10928 0
10029 236
10754 451
10029 827
10797 578
10891 0
10029 294
10729 713
10596 92
10029 277
10875 0
10506 932
10029 480
10563 846
10800 289
10836 0
10974 143
10499 2